Using pre-set license
Built from '2020.2/release' branch; Version is '2020.2.2f1 (068178b99f32) revision 426360'; Using compiler version '192528614'; Build Type 'Release'
OS: 'Windows 10 Home; OS build 19042.985; Version 2009; 64bit' Language: 'ko' Physical Memory: 8147 MB
BatchMode: 1, IsHumanControllingUs: 0, StartBugReporterOnCrash: 0, Is64bit: 1, IsPro: 0

 COMMAND LINE ARGUMENTS:
D:\2020.2.2f1\Editor\Unity.exe
-adb2
-batchMode
-noUpm
-name
AssetImportWorker0
-projectPath
D:/Unity game/20 GameProject
-logFile
Logs/AssetImportWorker0.log
-srvPort
6659
Successfully changed project path to: D:/Unity game/20 GameProject
D:/Unity game/20 GameProject
Using Asset Import Pipeline V2.
Refreshing native plugins compatible for Editor in 49.39 ms, found 2 plugins.
Preloading 0 native plugins for Editor in 0.00 ms.
Initialize engine version: 2020.2.2f1 (068178b99f32)
[Subsystems] Discovering subsystems at path D:/2020.2.2f1/Editor/Data/Resources/UnitySubsystems
[Subsystems] Discovering subsystems at path D:/Unity game/20 GameProject/Assets
GfxDevice: creating device client; threaded=0
Direct3D:
    Version:  Direct3D 11.0 [level 11.1]
    Renderer: NVIDIA GeForce GTX 1050 Ti (ID=0x1c82)
    Vendor:   
    VRAM:     4018 MB
    Driver:   27.21.14.5671
Initialize mono
Mono path[0] = 'D:/2020.2.2f1/Editor/Data/Managed'
Mono path[1] = 'D:/2020.2.2f1/Editor/Data/MonoBleedingEdge/lib/mono/unityjit'
Mono config path = 'D:/2020.2.2f1/Editor/Data/MonoBleedingEdge/etc'
Using monoOptions --debugger-agent=transport=dt_socket,embedding=1,server=y,suspend=n,address=127.0.0.1:56176
Begin MonoManager ReloadAssembly
Registering precompiled unity dll's ...
Register platform support module: D:/2020.2.2f1/Editor/Data/PlaybackEngines/WindowsStandaloneSupport/UnityEditor.WindowsStandalone.Extensions.dll
Registered in 0.001361 seconds.
Native extension for WindowsStandalone target not found
Refreshing native plugins compatible for Editor in 46.77 ms, found 2 plugins.
Preloading 0 native plugins for Editor in 0.00 ms.
Invoked RoslynAnalysisRunner static constructor.
RoslynAnalysisRunner will not be running.
RoslynAnalysisRunner has terminated.
Mono: successfully reloaded assembly
- Completed reload, in  1.895 seconds
Platform modules already initialized, skipping
Registering precompiled user dll's ...
Registered in 0.009166 seconds.
Begin MonoManager ReloadAssembly
Native extension for WindowsStandalone target not found
Refreshing native plugins compatible for Editor in 44.67 ms, found 2 plugins.
Preloading 0 native plugins for Editor in 0.00 ms.
Invoked RoslynAnalysisRunner static constructor.
RoslynAnalysisRunner will not be running.
RoslynAnalysisRunner has terminated.
Mono: successfully reloaded assembly
- Completed reload, in  1.141 seconds
Platform modules already initialized, skipping
========================================================================
Worker process is ready to serve import requests
Launched and connected shader compiler UnityShaderCompiler.exe after 0.09 seconds
Refreshing native plugins compatible for Editor in 0.58 ms, found 2 plugins.
Preloading 0 native plugins for Editor in 0.00 ms.
Unloading 1813 Unused Serialized files (Serialized files now loaded: 0)
System memory in use before: 88.0 MB.
System memory in use after: 88.0 MB.

Unloading 40 unused Assets to reduce memory usage. Loaded Objects now: 2324.
Total: 3.957800 ms (FindLiveObjects: 0.446700 ms CreateObjectMapping: 0.139300 ms MarkObjects: 3.180700 ms  DeleteObjects: 0.188800 ms)

========================================================================
Received Import Request.
  path: Assets/Scenes/Level1.unity
  artifactKey: Guid(e0a0b2cde0d5d1141a0ac5f23d821994) Importer(815301076,1909f56bfc062723c751e8b465ee728b)
Start importing Assets/Scenes/Level1.unity using Guid(e0a0b2cde0d5d1141a0ac5f23d821994) Importer(815301076,1909f56bfc062723c751e8b465ee728b)  -> (artifact id: '89d37ed38a64b3c7336fbf90539e1070') in 0.021516 seconds
  Import took 0.031706 seconds .

========================================================================
Received Import Request.
  Time since last request: 6.455767 seconds.
  path: Assets/Scenes/SampleScene.unity
  artifactKey: Guid(2cda990e2423bbf4892e6590ba056729) Importer(815301076,1909f56bfc062723c751e8b465ee728b)
Start importing Assets/Scenes/SampleScene.unity using Guid(2cda990e2423bbf4892e6590ba056729) Importer(815301076,1909f56bfc062723c751e8b465ee728b)  -> (artifact id: '6d76a8ff054acee3ab57cb149aa2899c') in 0.010056 seconds
  Import took 0.025859 seconds .

========================================================================
Received Import Request.
  Time since last request: 336.728587 seconds.
  path: Assets/Resoures
  artifactKey: Guid(e90df5bf0fd4d4a4d8598c52b31bc507) Importer(815301076,1909f56bfc062723c751e8b465ee728b)
Start importing Assets/Resoures using Guid(e90df5bf0fd4d4a4d8598c52b31bc507) Importer(815301076,1909f56bfc062723c751e8b465ee728b)  -> (artifact id: '0c7a353a4c416f015856dce54ba22483') in 0.012197 seconds
  Import took 0.029354 seconds .

========================================================================
Received Import Request.
  Time since last request: 27.989208 seconds.
  path: Assets/Resources
  artifactKey: Guid(e90df5bf0fd4d4a4d8598c52b31bc507) Importer(815301076,1909f56bfc062723c751e8b465ee728b)
Start importing Assets/Resources using Guid(e90df5bf0fd4d4a4d8598c52b31bc507) Importer(815301076,1909f56bfc062723c751e8b465ee728b)  -> (artifact id: '4e3f23f8a51cd7981f0644440b922a72') in 0.011036 seconds
  Import took 0.022558 seconds .

========================================================================
Received Import Request.
  Time since last request: 23.004114 seconds.
  path: Assets/Sound/NewAudioMixer.mixer
  artifactKey: Guid(95efe4a9fcc35d747bf6fcff877f0335) Importer(815301076,1909f56bfc062723c751e8b465ee728b)
Start importing Assets/Sound/NewAudioMixer.mixer using Guid(95efe4a9fcc35d747bf6fcff877f0335) Importer(815301076,1909f56bfc062723c751e8b465ee728b)  -> (artifact id: 'aa625f529ae830e3646f9b4a203e8227') in 0.105460 seconds
  Import took 0.122029 seconds .

========================================================================
Received Prepare
Registering precompiled user dll's ...
Registered in 0.009177 seconds.
Begin MonoManager ReloadAssembly
Native extension for WindowsStandalone target not found
Refreshing native plugins compatible for Editor in 0.99 ms, found 2 plugins.
Preloading 0 native plugins for Editor in 0.00 ms.
Invoked RoslynAnalysisRunner static constructor.
RoslynAnalysisRunner will not be running.
RoslynAnalysisRunner has terminated.
Mono: successfully reloaded assembly
- Completed reload, in  1.120 seconds
Platform modules already initialized, skipping
Refreshing native plugins compatible for Editor in 0.41 ms, found 2 plugins.
Preloading 0 native plugins for Editor in 0.00 ms.
Unloading 1808 Unused Serialized files (Serialized files now loaded: 0)
System memory in use before: 88.1 MB.
System memory in use after: 88.1 MB.

Unloading 28 unused Assets to reduce memory usage. Loaded Objects now: 2327.
Total: 2.354500 ms (FindLiveObjects: 0.297300 ms CreateObjectMapping: 0.105500 ms MarkObjects: 1.816300 ms  DeleteObjects: 0.133800 ms)

========================================================================
Received Prepare
Registering precompiled user dll's ...
Registered in 0.010375 seconds.
Begin MonoManager ReloadAssembly
Native extension for WindowsStandalone target not found
Refreshing native plugins compatible for Editor in 0.46 ms, found 2 plugins.
Preloading 0 native plugins for Editor in 0.00 ms.
Invoked RoslynAnalysisRunner static constructor.
RoslynAnalysisRunner will not be running.
RoslynAnalysisRunner has terminated.
Mono: successfully reloaded assembly
- Completed reload, in  1.166 seconds
Platform modules already initialized, skipping
Refreshing native plugins compatible for Editor in 0.89 ms, found 2 plugins.
Preloading 0 native plugins for Editor in 0.00 ms.
Unloading 1808 Unused Serialized files (Serialized files now loaded: 0)
System memory in use before: 88.2 MB.
System memory in use after: 88.2 MB.

Unloading 28 unused Assets to reduce memory usage. Loaded Objects now: 2330.
Total: 3.489700 ms (FindLiveObjects: 0.876800 ms CreateObjectMapping: 0.364700 ms MarkObjects: 2.120500 ms  DeleteObjects: 0.125500 ms)

========================================================================
Received Import Request.
  Time since last request: 219.557589 seconds.
  path: Assets/Resources/RangedAttack.ogg
  artifactKey: Guid(e3ec682b60f03744bbb51c6f39dd2be9) Importer(815301076,1909f56bfc062723c751e8b465ee728b)
Start importing Assets/Resources/RangedAttack.ogg using Guid(e3ec682b60f03744bbb51c6f39dd2be9) Importer(815301076,1909f56bfc062723c751e8b465ee728b)  -> (artifact id: 'fb4b6ec60c4988b1dbaaf7ada38cabe4') in 0.249902 seconds
  Import took 0.264684 seconds .

========================================================================
Received Prepare
Registering precompiled user dll's ...
Registered in 0.008015 seconds.
Begin MonoManager ReloadAssembly
Native extension for WindowsStandalone target not found
Refreshing native plugins compatible for Editor in 0.73 ms, found 2 plugins.
Preloading 0 native plugins for Editor in 0.00 ms.
Invoked RoslynAnalysisRunner static constructor.
RoslynAnalysisRunner will not be running.
RoslynAnalysisRunner has terminated.
Mono: successfully reloaded assembly
- Completed reload, in  1.121 seconds
Platform modules already initialized, skipping
Refreshing native plugins compatible for Editor in 1.08 ms, found 2 plugins.
Preloading 0 native plugins for Editor in 0.00 ms.
Unloading 1808 Unused Serialized files (Serialized files now loaded: 0)
System memory in use before: 91.4 MB.
System memory in use after: 91.4 MB.

Unloading 28 unused Assets to reduce memory usage. Loaded Objects now: 2342.
Total: 2.131500 ms (FindLiveObjects: 0.258100 ms CreateObjectMapping: 0.079000 ms MarkObjects: 1.669900 ms  DeleteObjects: 0.122700 ms)

========================================================================
Received Prepare
Registering precompiled user dll's ...
Registered in 0.012418 seconds.
Begin MonoManager ReloadAssembly
Native extension for WindowsStandalone target not found
Refreshing native plugins compatible for Editor in 0.50 ms, found 2 plugins.
Preloading 0 native plugins for Editor in 0.00 ms.
Invoked RoslynAnalysisRunner static constructor.
RoslynAnalysisRunner will not be running.
RoslynAnalysisRunner has terminated.
Mono: successfully reloaded assembly
- Completed reload, in  1.032 seconds
Platform modules already initialized, skipping
Refreshing native plugins compatible for Editor in 0.64 ms, found 2 plugins.
Preloading 0 native plugins for Editor in 0.00 ms.
Unloading 1808 Unused Serialized files (Serialized files now loaded: 0)
System memory in use before: 91.5 MB.
System memory in use after: 91.5 MB.

Unloading 28 unused Assets to reduce memory usage. Loaded Objects now: 2345.
Total: 3.919900 ms (FindLiveObjects: 0.348100 ms CreateObjectMapping: 0.155500 ms MarkObjects: 3.219100 ms  DeleteObjects: 0.193900 ms)

========================================================================
Received Prepare
Registering precompiled user dll's ...
Registered in 0.009316 seconds.
Begin MonoManager ReloadAssembly
Native extension for WindowsStandalone target not found
Refreshing native plugins compatible for Editor in 0.59 ms, found 2 plugins.
Preloading 0 native plugins for Editor in 0.00 ms.
Invoked RoslynAnalysisRunner static constructor.
RoslynAnalysisRunner will not be running.
RoslynAnalysisRunner has terminated.
Mono: successfully reloaded assembly
- Completed reload, in  1.094 seconds
Platform modules already initialized, skipping
Refreshing native plugins compatible for Editor in 1.72 ms, found 2 plugins.
Preloading 0 native plugins for Editor in 0.00 ms.
Unloading 1808 Unused Serialized files (Serialized files now loaded: 0)
System memory in use before: 91.6 MB.
System memory in use after: 91.6 MB.

Unloading 28 unused Assets to reduce memory usage. Loaded Objects now: 2348.
Total: 2.157300 ms (FindLiveObjects: 0.334600 ms CreateObjectMapping: 0.077500 ms MarkObjects: 1.646200 ms  DeleteObjects: 0.097700 ms)

========================================================================
Received Prepare
Registering precompiled user dll's ...
Registered in 0.009146 seconds.
Begin MonoManager ReloadAssembly
Native extension for WindowsStandalone target not found
Refreshing native plugins compatible for Editor in 0.62 ms, found 2 plugins.
Preloading 0 native plugins for Editor in 0.00 ms.
Invoked RoslynAnalysisRunner static constructor.
RoslynAnalysisRunner will not be running.
RoslynAnalysisRunner has terminated.
Mono: successfully reloaded assembly
- Completed reload, in  1.034 seconds
Platform modules already initialized, skipping
Refreshing native plugins compatible for Editor in 0.43 ms, found 2 plugins.
Preloading 0 native plugins for Editor in 0.00 ms.
Unloading 1808 Unused Serialized files (Serialized files now loaded: 0)
System memory in use before: 91.7 MB.
System memory in use after: 91.7 MB.

Unloading 28 unused Assets to reduce memory usage. Loaded Objects now: 2351.
Total: 3.024300 ms (FindLiveObjects: 0.659700 ms CreateObjectMapping: 0.133700 ms MarkObjects: 2.060300 ms  DeleteObjects: 0.167800 ms)

========================================================================
Received Prepare
Registering precompiled user dll's ...
Registered in 0.008691 seconds.
Begin MonoManager ReloadAssembly
Native extension for WindowsStandalone target not found
Refreshing native plugins compatible for Editor in 0.47 ms, found 2 plugins.
Preloading 0 native plugins for Editor in 0.00 ms.
Invoked RoslynAnalysisRunner static constructor.
RoslynAnalysisRunner will not be running.
RoslynAnalysisRunner has terminated.
Mono: successfully reloaded assembly
- Completed reload, in  1.044 seconds
Platform modules already initialized, skipping
Refreshing native plugins compatible for Editor in 0.69 ms, found 2 plugins.
Preloading 0 native plugins for Editor in 0.00 ms.
Unloading 1808 Unused Serialized files (Serialized files now loaded: 0)
System memory in use before: 91.8 MB.
System memory in use after: 91.8 MB.

Unloading 28 unused Assets to reduce memory usage. Loaded Objects now: 2354.
Total: 2.478300 ms (FindLiveObjects: 0.294500 ms CreateObjectMapping: 0.085600 ms MarkObjects: 1.980000 ms  DeleteObjects: 0.115300 ms)

========================================================================
Received Prepare
Registering precompiled user dll's ...
Registered in 0.012043 seconds.
Begin MonoManager ReloadAssembly
Native extension for WindowsStandalone target not found
Refreshing native plugins compatible for Editor in 0.50 ms, found 2 plugins.
Preloading 0 native plugins for Editor in 0.00 ms.
Invoked RoslynAnalysisRunner static constructor.
RoslynAnalysisRunner will not be running.
RoslynAnalysisRunner has terminated.
Mono: successfully reloaded assembly
- Completed reload, in  1.139 seconds
Platform modules already initialized, skipping
Refreshing native plugins compatible for Editor in 0.41 ms, found 2 plugins.
Preloading 0 native plugins for Editor in 0.00 ms.
Unloading 1808 Unused Serialized files (Serialized files now loaded: 0)
System memory in use before: 91.9 MB.
System memory in use after: 91.9 MB.

Unloading 28 unused Assets to reduce memory usage. Loaded Objects now: 2357.
Total: 2.181700 ms (FindLiveObjects: 0.373800 ms CreateObjectMapping: 0.106200 ms MarkObjects: 1.514900 ms  DeleteObjects: 0.185300 ms)

========================================================================
Received Import Request.
  Time since last request: 414.783892 seconds.
  path: Assets/Script/DataManager.cs
  artifactKey: Guid(30da3a8445bffb04780df6514e180211) Importer(815301076,1909f56bfc062723c751e8b465ee728b)
Start importing Assets/Script/DataManager.cs using Guid(30da3a8445bffb04780df6514e180211) Importer(815301076,1909f56bfc062723c751e8b465ee728b)  -> (artifact id: '1dd3b16d5e9e9ab41fb7cb7420f254cf') in 0.032800 seconds
  Import took 0.052997 seconds .

========================================================================
Received Prepare
Registering precompiled user dll's ...
Registered in 0.010616 seconds.
Begin MonoManager ReloadAssembly
Native extension for WindowsStandalone target not found
Refreshing native plugins compatible for Editor in 1.23 ms, found 2 plugins.
Preloading 0 native plugins for Editor in 0.00 ms.
Invoked RoslynAnalysisRunner static constructor.
RoslynAnalysisRunner will not be running.
RoslynAnalysisRunner has terminated.
Mono: successfully reloaded assembly
- Completed reload, in  1.078 seconds
Platform modules already initialized, skipping
Refreshing native plugins compatible for Editor in 1.19 ms, found 2 plugins.
Preloading 0 native plugins for Editor in 0.00 ms.
Unloading 1809 Unused Serialized files (Serialized files now loaded: 0)
System memory in use before: 92.0 MB.
System memory in use after: 92.0 MB.

Unloading 28 unused Assets to reduce memory usage. Loaded Objects now: 2361.
Total: 2.522100 ms (FindLiveObjects: 0.359300 ms CreateObjectMapping: 0.099500 ms MarkObjects: 1.910500 ms  DeleteObjects: 0.150800 ms)

========================================================================
Received Prepare
Registering precompiled user dll's ...
Registered in 0.011808 seconds.
Begin MonoManager ReloadAssembly
Native extension for WindowsStandalone target not found
Refreshing native plugins compatible for Editor in 0.87 ms, found 2 plugins.
Preloading 0 native plugins for Editor in 0.00 ms.
Invoked RoslynAnalysisRunner static constructor.
RoslynAnalysisRunner will not be running.
RoslynAnalysisRunner has terminated.
Mono: successfully reloaded assembly
- Completed reload, in  1.282 seconds
Platform modules already initialized, skipping
Refreshing native plugins compatible for Editor in 0.55 ms, found 2 plugins.
Preloading 0 native plugins for Editor in 0.00 ms.
Unloading 1809 Unused Serialized files (Serialized files now loaded: 0)
System memory in use before: 92.1 MB.
System memory in use after: 92.1 MB.

Unloading 28 unused Assets to reduce memory usage. Loaded Objects now: 2364.
Total: 3.200100 ms (FindLiveObjects: 0.502700 ms CreateObjectMapping: 0.310900 ms MarkObjects: 2.210700 ms  DeleteObjects: 0.173700 ms)

========================================================================
Received Prepare
Registering precompiled user dll's ...
Registered in 0.010192 seconds.
Begin MonoManager ReloadAssembly
Native extension for WindowsStandalone target not found
Refreshing native plugins compatible for Editor in 0.47 ms, found 2 plugins.
Preloading 0 native plugins for Editor in 0.00 ms.
Invoked RoslynAnalysisRunner static constructor.
RoslynAnalysisRunner will not be running.
RoslynAnalysisRunner has terminated.
Mono: successfully reloaded assembly
- Completed reload, in  1.171 seconds
Platform modules already initialized, skipping
Refreshing native plugins compatible for Editor in 5.48 ms, found 2 plugins.
Preloading 0 native plugins for Editor in 0.00 ms.
Unloading 1809 Unused Serialized files (Serialized files now loaded: 0)
System memory in use before: 92.2 MB.
System memory in use after: 92.2 MB.

Unloading 28 unused Assets to reduce memory usage. Loaded Objects now: 2367.
Total: 5.686000 ms (FindLiveObjects: 0.786000 ms CreateObjectMapping: 1.459500 ms MarkObjects: 3.214500 ms  DeleteObjects: 0.223100 ms)

========================================================================
Received Import Request.
  Time since last request: 742.852701 seconds.
  path: Assets/Image/UI/UI.png
  artifactKey: Guid(43b86a8ca2509cb4e9bd8890a2401a83) Importer(815301076,1909f56bfc062723c751e8b465ee728b)
Start importing Assets/Image/UI/UI.png using Guid(43b86a8ca2509cb4e9bd8890a2401a83) Importer(815301076,1909f56bfc062723c751e8b465ee728b)  -> (artifact id: '4fdc00fb279d966b798a1070d1af7c2a') in 0.089206 seconds
  Import took 0.105904 seconds .

========================================================================
Received Import Request.
  Time since last request: 32.544368 seconds.
  path: Assets/Image/UI/UI.png
  artifactKey: Guid(43b86a8ca2509cb4e9bd8890a2401a83) Importer(815301076,1909f56bfc062723c751e8b465ee728b)
Start importing Assets/Image/UI/UI.png using Guid(43b86a8ca2509cb4e9bd8890a2401a83) Importer(815301076,1909f56bfc062723c751e8b465ee728b)  -> (artifact id: 'd2f0c1957a40dd52120f3c2a2bc8d337') in 0.093783 seconds
  Import took 0.109315 seconds .

========================================================================
Received Import Request.
  Time since last request: 241.557755 seconds.
  path: Assets/Script/UI Manager.cs
  artifactKey: Guid(dc6d3d7cd38c5194a813effffa83289e) Importer(815301076,1909f56bfc062723c751e8b465ee728b)
Start importing Assets/Script/UI Manager.cs using Guid(dc6d3d7cd38c5194a813effffa83289e) Importer(815301076,1909f56bfc062723c751e8b465ee728b)  -> (artifact id: 'ee39e7b4377a4a9a647c1486d642844b') in 0.016204 seconds
  Import took 0.037904 seconds .

========================================================================
Received Import Request.
  Time since last request: 0.001698 seconds.
  path: Assets/Script/UI Manager.cs
  artifactKey: Guid(dc6d3d7cd38c5194a813effffa83289e) Importer(815301076,1909f56bfc062723c751e8b465ee728b)
Start importing Assets/Script/UI Manager.cs using Guid(dc6d3d7cd38c5194a813effffa83289e) Importer(815301076,1909f56bfc062723c751e8b465ee728b)  -> (artifact id: 'ee39e7b4377a4a9a647c1486d642844b') in 0.004868 seconds
  Import took 0.013763 seconds .

========================================================================
Received Prepare
Registering precompiled user dll's ...
Registered in 0.009430 seconds.
Begin MonoManager ReloadAssembly
Native extension for WindowsStandalone target not found
Refreshing native plugins compatible for Editor in 0.46 ms, found 2 plugins.
Preloading 0 native plugins for Editor in 0.00 ms.
Invoked RoslynAnalysisRunner static constructor.
RoslynAnalysisRunner will not be running.
RoslynAnalysisRunner has terminated.
Mono: successfully reloaded assembly
- Completed reload, in  1.058 seconds
Platform modules already initialized, skipping
Refreshing native plugins compatible for Editor in 0.42 ms, found 2 plugins.
Preloading 0 native plugins for Editor in 0.00 ms.
Unloading 1810 Unused Serialized files (Serialized files now loaded: 0)
System memory in use before: 92.3 MB.
System memory in use after: 92.3 MB.

Unloading 28 unused Assets to reduce memory usage. Loaded Objects now: 2374.
Total: 2.263500 ms (FindLiveObjects: 0.368800 ms CreateObjectMapping: 0.069200 ms MarkObjects: 1.677300 ms  DeleteObjects: 0.147000 ms)

========================================================================
Received Prepare
Registering precompiled user dll's ...
Registered in 0.008395 seconds.
Begin MonoManager ReloadAssembly
Native extension for WindowsStandalone target not found
Refreshing native plugins compatible for Editor in 0.49 ms, found 2 plugins.
Preloading 0 native plugins for Editor in 0.00 ms.
Invoked RoslynAnalysisRunner static constructor.
RoslynAnalysisRunner will not be running.
RoslynAnalysisRunner has terminated.
Mono: successfully reloaded assembly
- Completed reload, in  1.078 seconds
Platform modules already initialized, skipping
Refreshing native plugins compatible for Editor in 0.43 ms, found 2 plugins.
Preloading 0 native plugins for Editor in 0.00 ms.
Unloading 1810 Unused Serialized files (Serialized files now loaded: 0)
System memory in use before: 92.4 MB.
System memory in use after: 92.4 MB.

Unloading 28 unused Assets to reduce memory usage. Loaded Objects now: 2377.
Total: 2.309500 ms (FindLiveObjects: 0.437500 ms CreateObjectMapping: 0.169100 ms MarkObjects: 1.597100 ms  DeleteObjects: 0.103000 ms)

========================================================================
Received Import Request.
  Time since last request: 53.839375 seconds.
  path: Assets/Script/UI Manager.cs
  artifactKey: Guid(dc6d3d7cd38c5194a813effffa83289e) Importer(815301076,1909f56bfc062723c751e8b465ee728b)
Start importing Assets/Script/UI Manager.cs using Guid(dc6d3d7cd38c5194a813effffa83289e) Importer(815301076,1909f56bfc062723c751e8b465ee728b)  -> (artifact id: 'a6ee1fb1b36116e94695dd85f6ded58a') in 0.006337 seconds
  Import took 0.022135 seconds .

========================================================================
Received Import Request.
  Time since last request: 31.059780 seconds.
  path: Assets/Script/UIManager.cs
  artifactKey: Guid(dc6d3d7cd38c5194a813effffa83289e) Importer(815301076,1909f56bfc062723c751e8b465ee728b)
Start importing Assets/Script/UIManager.cs using Guid(dc6d3d7cd38c5194a813effffa83289e) Importer(815301076,1909f56bfc062723c751e8b465ee728b)  -> (artifact id: '99e48b41fe5eb46f03cafd43de61066f') in 0.014685 seconds
  Import took 0.029254 seconds .

========================================================================
Received Import Request.
  Time since last request: 0.003755 seconds.
  path: Assets/Script/UIManager.cs
  artifactKey: Guid(dc6d3d7cd38c5194a813effffa83289e) Importer(815301076,1909f56bfc062723c751e8b465ee728b)
Start importing Assets/Script/UIManager.cs using Guid(dc6d3d7cd38c5194a813effffa83289e) Importer(815301076,1909f56bfc062723c751e8b465ee728b)  -> (artifact id: '99e48b41fe5eb46f03cafd43de61066f') in 0.002982 seconds
  Import took 0.007232 seconds .

========================================================================
Received Prepare
Registering precompiled user dll's ...
Registered in 0.007630 seconds.
Begin MonoManager ReloadAssembly
Native extension for WindowsStandalone target not found
Refreshing native plugins compatible for Editor in 0.49 ms, found 2 plugins.
Preloading 0 native plugins for Editor in 0.00 ms.
Invoked RoslynAnalysisRunner static constructor.
RoslynAnalysisRunner will not be running.
RoslynAnalysisRunner has terminated.
Mono: successfully reloaded assembly
- Completed reload, in  1.082 seconds
Platform modules already initialized, skipping
Refreshing native plugins compatible for Editor in 0.57 ms, found 2 plugins.
Preloading 0 native plugins for Editor in 0.00 ms.
Unloading 1810 Unused Serialized files (Serialized files now loaded: 0)
System memory in use before: 92.5 MB.
System memory in use after: 92.5 MB.

Unloading 28 unused Assets to reduce memory usage. Loaded Objects now: 2380.
Total: 2.758000 ms (FindLiveObjects: 0.625700 ms CreateObjectMapping: 0.225000 ms MarkObjects: 1.775800 ms  DeleteObjects: 0.129400 ms)

========================================================================
Received Prepare
Registering precompiled user dll's ...
Registered in 0.007589 seconds.
Begin MonoManager ReloadAssembly
Native extension for WindowsStandalone target not found
Refreshing native plugins compatible for Editor in 1.40 ms, found 2 plugins.
Preloading 0 native plugins for Editor in 0.00 ms.
Invoked RoslynAnalysisRunner static constructor.
RoslynAnalysisRunner will not be running.
RoslynAnalysisRunner has terminated.
Mono: successfully reloaded assembly
- Completed reload, in  1.177 seconds
Platform modules already initialized, skipping
Refreshing native plugins compatible for Editor in 0.52 ms, found 2 plugins.
Preloading 0 native plugins for Editor in 0.00 ms.
Unloading 1810 Unused Serialized files (Serialized files now loaded: 0)
System memory in use before: 92.6 MB.
System memory in use after: 92.6 MB.

Unloading 28 unused Assets to reduce memory usage. Loaded Objects now: 2383.
Total: 3.162100 ms (FindLiveObjects: 0.519000 ms CreateObjectMapping: 0.271400 ms MarkObjects: 2.233400 ms  DeleteObjects: 0.135100 ms)

========================================================================
Received Import Request.
  Time since last request: 131.921038 seconds.
  path: Assets/Script/UIManager.cs
  artifactKey: Guid(dc6d3d7cd38c5194a813effffa83289e) Importer(815301076,1909f56bfc062723c751e8b465ee728b)
Start importing Assets/Script/UIManager.cs using Guid(dc6d3d7cd38c5194a813effffa83289e) Importer(815301076,1909f56bfc062723c751e8b465ee728b)  -> (artifact id: '0fabf3fb2c6b2a8dce73b47f506deda7') in 0.015356 seconds
  Import took 0.030845 seconds .

========================================================================
Received Prepare
Registering precompiled user dll's ...
Registered in 0.009988 seconds.
Begin MonoManager ReloadAssembly
Native extension for WindowsStandalone target not found
Refreshing native plugins compatible for Editor in 0.43 ms, found 2 plugins.
Preloading 0 native plugins for Editor in 0.00 ms.
Invoked RoslynAnalysisRunner static constructor.
RoslynAnalysisRunner will not be running.
RoslynAnalysisRunner has terminated.
Mono: successfully reloaded assembly
- Completed reload, in  1.073 seconds
Platform modules already initialized, skipping
Refreshing native plugins compatible for Editor in 0.51 ms, found 2 plugins.
Preloading 0 native plugins for Editor in 0.00 ms.
Unloading 1810 Unused Serialized files (Serialized files now loaded: 0)
System memory in use before: 92.7 MB.
System memory in use after: 92.7 MB.

Unloading 28 unused Assets to reduce memory usage. Loaded Objects now: 2386.
Total: 3.856700 ms (FindLiveObjects: 0.769000 ms CreateObjectMapping: 0.118600 ms MarkObjects: 2.741800 ms  DeleteObjects: 0.221400 ms)

========================================================================
Received Prepare
Registering precompiled user dll's ...
Registered in 0.007813 seconds.
Begin MonoManager ReloadAssembly
Native extension for WindowsStandalone target not found
Refreshing native plugins compatible for Editor in 0.43 ms, found 2 plugins.
Preloading 0 native plugins for Editor in 0.00 ms.
Invoked RoslynAnalysisRunner static constructor.
RoslynAnalysisRunner will not be running.
RoslynAnalysisRunner has terminated.
Mono: successfully reloaded assembly
- Completed reload, in  1.179 seconds
Platform modules already initialized, skipping
Refreshing native plugins compatible for Editor in 0.45 ms, found 2 plugins.
Preloading 0 native plugins for Editor in 0.00 ms.
Unloading 1810 Unused Serialized files (Serialized files now loaded: 0)
System memory in use before: 92.7 MB.
System memory in use after: 92.7 MB.

Unloading 28 unused Assets to reduce memory usage. Loaded Objects now: 2389.
Total: 3.099100 ms (FindLiveObjects: 0.414600 ms CreateObjectMapping: 0.106700 ms MarkObjects: 2.365600 ms  DeleteObjects: 0.210700 ms)

========================================================================
Received Prepare
Registering precompiled user dll's ...
Registered in 0.009350 seconds.
Begin MonoManager ReloadAssembly
Native extension for WindowsStandalone target not found
Refreshing native plugins compatible for Editor in 0.65 ms, found 2 plugins.
Preloading 0 native plugins for Editor in 0.00 ms.
Invoked RoslynAnalysisRunner static constructor.
RoslynAnalysisRunner will not be running.
RoslynAnalysisRunner has terminated.
Mono: successfully reloaded assembly
- Completed reload, in  1.329 seconds
Platform modules already initialized, skipping
Refreshing native plugins compatible for Editor in 0.60 ms, found 2 plugins.
Preloading 0 native plugins for Editor in 0.00 ms.
Unloading 1810 Unused Serialized files (Serialized files now loaded: 0)
System memory in use before: 92.8 MB.
System memory in use after: 92.8 MB.

Unloading 28 unused Assets to reduce memory usage. Loaded Objects now: 2392.
Total: 2.451800 ms (FindLiveObjects: 0.415900 ms CreateObjectMapping: 0.137200 ms MarkObjects: 1.793400 ms  DeleteObjects: 0.103900 ms)

========================================================================
Received Prepare
Registering precompiled user dll's ...
Registered in 0.009172 seconds.
Begin MonoManager ReloadAssembly
Native extension for WindowsStandalone target not found
Refreshing native plugins compatible for Editor in 0.56 ms, found 2 plugins.
Preloading 0 native plugins for Editor in 0.00 ms.
Invoked RoslynAnalysisRunner static constructor.
RoslynAnalysisRunner will not be running.
RoslynAnalysisRunner has terminated.
Mono: successfully reloaded assembly
- Completed reload, in  1.148 seconds
Platform modules already initialized, skipping
Refreshing native plugins compatible for Editor in 0.94 ms, found 2 plugins.
Preloading 0 native plugins for Editor in 0.00 ms.
Unloading 1810 Unused Serialized files (Serialized files now loaded: 0)
System memory in use before: 92.9 MB.
System memory in use after: 92.9 MB.

Unloading 28 unused Assets to reduce memory usage. Loaded Objects now: 2395.
Total: 2.989300 ms (FindLiveObjects: 0.761900 ms CreateObjectMapping: 0.216600 ms MarkObjects: 1.820100 ms  DeleteObjects: 0.187700 ms)

========================================================================
Received Prepare
Registering precompiled user dll's ...
Registered in 0.012046 seconds.
Begin MonoManager ReloadAssembly
Native extension for WindowsStandalone target not found
Refreshing native plugins compatible for Editor in 0.93 ms, found 2 plugins.
Preloading 0 native plugins for Editor in 0.00 ms.
Invoked RoslynAnalysisRunner static constructor.
RoslynAnalysisRunner will not be running.
RoslynAnalysisRunner has terminated.
Mono: successfully reloaded assembly
- Completed reload, in  1.169 seconds
Platform modules already initialized, skipping
Refreshing native plugins compatible for Editor in 0.43 ms, found 2 plugins.
Preloading 0 native plugins for Editor in 0.00 ms.
Unloading 1810 Unused Serialized files (Serialized files now loaded: 0)
System memory in use before: 93.0 MB.
System memory in use after: 93.0 MB.

Unloading 28 unused Assets to reduce memory usage. Loaded Objects now: 2398.
Total: 2.471000 ms (FindLiveObjects: 0.437900 ms CreateObjectMapping: 0.124800 ms MarkObjects: 1.764600 ms  DeleteObjects: 0.142500 ms)

========================================================================
Received Prepare
Registering precompiled user dll's ...
Registered in 0.008722 seconds.
Begin MonoManager ReloadAssembly
Native extension for WindowsStandalone target not found
Refreshing native plugins compatible for Editor in 1.22 ms, found 2 plugins.
Preloading 0 native plugins for Editor in 0.00 ms.
Invoked RoslynAnalysisRunner static constructor.
RoslynAnalysisRunner will not be running.
RoslynAnalysisRunner has terminated.
Mono: successfully reloaded assembly
- Completed reload, in  1.220 seconds
Platform modules already initialized, skipping
Refreshing native plugins compatible for Editor in 0.80 ms, found 2 plugins.
Preloading 0 native plugins for Editor in 0.00 ms.
Unloading 1810 Unused Serialized files (Serialized files now loaded: 0)
System memory in use before: 93.1 MB.
System memory in use after: 93.1 MB.

Unloading 28 unused Assets to reduce memory usage. Loaded Objects now: 2401.
Total: 3.927400 ms (FindLiveObjects: 0.350200 ms CreateObjectMapping: 0.084900 ms MarkObjects: 3.327000 ms  DeleteObjects: 0.163500 ms)

========================================================================
Received Prepare
Registering precompiled user dll's ...
Registered in 0.007922 seconds.
Begin MonoManager ReloadAssembly
Native extension for WindowsStandalone target not found
Refreshing native plugins compatible for Editor in 0.42 ms, found 2 plugins.
Preloading 0 native plugins for Editor in 0.00 ms.
Invoked RoslynAnalysisRunner static constructor.
RoslynAnalysisRunner will not be running.
RoslynAnalysisRunner has terminated.
Mono: successfully reloaded assembly
- Completed reload, in  1.126 seconds
Platform modules already initialized, skipping
Refreshing native plugins compatible for Editor in 1.10 ms, found 2 plugins.
Preloading 0 native plugins for Editor in 0.00 ms.
Unloading 1810 Unused Serialized files (Serialized files now loaded: 0)
System memory in use before: 93.2 MB.
System memory in use after: 93.2 MB.

Unloading 28 unused Assets to reduce memory usage. Loaded Objects now: 2404.
Total: 2.302400 ms (FindLiveObjects: 0.341300 ms CreateObjectMapping: 0.068000 ms MarkObjects: 1.725500 ms  DeleteObjects: 0.165400 ms)

========================================================================
Received Prepare
Registering precompiled user dll's ...
Registered in 0.008385 seconds.
Begin MonoManager ReloadAssembly
Native extension for WindowsStandalone target not found
Refreshing native plugins compatible for Editor in 0.46 ms, found 2 plugins.
Preloading 0 native plugins for Editor in 0.00 ms.
Invoked RoslynAnalysisRunner static constructor.
RoslynAnalysisRunner will not be running.
RoslynAnalysisRunner has terminated.
Mono: successfully reloaded assembly
- Completed reload, in  1.121 seconds
Platform modules already initialized, skipping
Refreshing native plugins compatible for Editor in 1.13 ms, found 2 plugins.
Preloading 0 native plugins for Editor in 0.00 ms.
Unloading 1810 Unused Serialized files (Serialized files now loaded: 0)
System memory in use before: 93.3 MB.
System memory in use after: 93.3 MB.

Unloading 28 unused Assets to reduce memory usage. Loaded Objects now: 2407.
Total: 8.545000 ms (FindLiveObjects: 1.811800 ms CreateObjectMapping: 1.034400 ms MarkObjects: 5.566600 ms  DeleteObjects: 0.129800 ms)

========================================================================
Received Prepare
Registering precompiled user dll's ...
Registered in 0.008645 seconds.
Begin MonoManager ReloadAssembly
Native extension for WindowsStandalone target not found
Refreshing native plugins compatible for Editor in 0.48 ms, found 2 plugins.
Preloading 0 native plugins for Editor in 0.00 ms.
Invoked RoslynAnalysisRunner static constructor.
RoslynAnalysisRunner will not be running.
RoslynAnalysisRunner has terminated.
Mono: successfully reloaded assembly
- Completed reload, in  1.147 seconds
Platform modules already initialized, skipping
Refreshing native plugins compatible for Editor in 0.45 ms, found 2 plugins.
Preloading 0 native plugins for Editor in 0.00 ms.
Unloading 1810 Unused Serialized files (Serialized files now loaded: 0)
System memory in use before: 93.3 MB.
System memory in use after: 93.3 MB.

Unloading 28 unused Assets to reduce memory usage. Loaded Objects now: 2410.
Total: 2.901800 ms (FindLiveObjects: 0.183400 ms CreateObjectMapping: 0.085600 ms MarkObjects: 2.484000 ms  DeleteObjects: 0.147000 ms)

========================================================================
Received Import Request.
  Time since last request: 488.657169 seconds.
  path: Assets/Scenes/Level1.unity
  artifactKey: Guid(e0a0b2cde0d5d1141a0ac5f23d821994) Importer(815301076,1909f56bfc062723c751e8b465ee728b)
Start importing Assets/Scenes/Level1.unity using Guid(e0a0b2cde0d5d1141a0ac5f23d821994) Importer(815301076,1909f56bfc062723c751e8b465ee728b)  -> (artifact id: '968af6b912e32df97222381bc7b12e26') in 0.019906 seconds
  Import took 0.040435 seconds .

========================================================================
Received Prepare
Registering precompiled user dll's ...
Registered in 0.009117 seconds.
Begin MonoManager ReloadAssembly
Native extension for WindowsStandalone target not found
Refreshing native plugins compatible for Editor in 0.53 ms, found 2 plugins.
Preloading 0 native plugins for Editor in 0.00 ms.
Invoked RoslynAnalysisRunner static constructor.
RoslynAnalysisRunner will not be running.
RoslynAnalysisRunner has terminated.
Mono: successfully reloaded assembly
- Completed reload, in  1.410 seconds
Platform modules already initialized, skipping
Refreshing native plugins compatible for Editor in 0.49 ms, found 2 plugins.
Preloading 0 native plugins for Editor in 0.00 ms.
Unloading 1810 Unused Serialized files (Serialized files now loaded: 0)
System memory in use before: 93.4 MB.
System memory in use after: 93.4 MB.

Unloading 28 unused Assets to reduce memory usage. Loaded Objects now: 2413.
Total: 4.834800 ms (FindLiveObjects: 2.207300 ms CreateObjectMapping: 0.341400 ms MarkObjects: 2.140100 ms  DeleteObjects: 0.142100 ms)

========================================================================
Received Prepare
Registering precompiled user dll's ...
Registered in 0.009235 seconds.
Begin MonoManager ReloadAssembly
Native extension for WindowsStandalone target not found
Refreshing native plugins compatible for Editor in 0.51 ms, found 2 plugins.
Preloading 0 native plugins for Editor in 0.00 ms.
Invoked RoslynAnalysisRunner static constructor.
RoslynAnalysisRunner will not be running.
RoslynAnalysisRunner has terminated.
Mono: successfully reloaded assembly
- Completed reload, in  1.077 seconds
Platform modules already initialized, skipping
Refreshing native plugins compatible for Editor in 1.03 ms, found 2 plugins.
Preloading 0 native plugins for Editor in 0.00 ms.
Unloading 1810 Unused Serialized files (Serialized files now loaded: 0)
System memory in use before: 92.5 MB.
System memory in use after: 92.5 MB.

Unloading 28 unused Assets to reduce memory usage. Loaded Objects now: 2416.
Total: 2.548500 ms (FindLiveObjects: 0.441400 ms CreateObjectMapping: 0.111200 ms MarkObjects: 1.836000 ms  DeleteObjects: 0.157500 ms)

========================================================================
Received Prepare
Registering precompiled user dll's ...
Registered in 0.011614 seconds.
Begin MonoManager ReloadAssembly
Native extension for WindowsStandalone target not found
Refreshing native plugins compatible for Editor in 0.46 ms, found 2 plugins.
Preloading 0 native plugins for Editor in 0.00 ms.
Invoked RoslynAnalysisRunner static constructor.
RoslynAnalysisRunner will not be running.
RoslynAnalysisRunner has terminated.
Mono: successfully reloaded assembly
- Completed reload, in  1.201 seconds
Platform modules already initialized, skipping
Refreshing native plugins compatible for Editor in 2.38 ms, found 2 plugins.
Preloading 0 native plugins for Editor in 0.00 ms.
Unloading 1810 Unused Serialized files (Serialized files now loaded: 0)
System memory in use before: 92.6 MB.
System memory in use after: 92.6 MB.

Unloading 28 unused Assets to reduce memory usage. Loaded Objects now: 2419.
Total: 3.742300 ms (FindLiveObjects: 0.420300 ms CreateObjectMapping: 0.094400 ms MarkObjects: 3.096000 ms  DeleteObjects: 0.129500 ms)

========================================================================
Received Prepare
Registering precompiled user dll's ...
Registered in 0.008809 seconds.
Begin MonoManager ReloadAssembly
Native extension for WindowsStandalone target not found
Refreshing native plugins compatible for Editor in 0.42 ms, found 2 plugins.
Preloading 0 native plugins for Editor in 0.00 ms.
Invoked RoslynAnalysisRunner static constructor.
RoslynAnalysisRunner will not be running.
RoslynAnalysisRunner has terminated.
Mono: successfully reloaded assembly
- Completed reload, in  0.950 seconds
Platform modules already initialized, skipping
Refreshing native plugins compatible for Editor in 0.44 ms, found 2 plugins.
Preloading 0 native plugins for Editor in 0.00 ms.
Unloading 1810 Unused Serialized files (Serialized files now loaded: 0)
System memory in use before: 92.7 MB.
System memory in use after: 92.7 MB.

Unloading 28 unused Assets to reduce memory usage. Loaded Objects now: 2422.
Total: 2.428100 ms (FindLiveObjects: 0.597800 ms CreateObjectMapping: 0.080400 ms MarkObjects: 1.609000 ms  DeleteObjects: 0.139900 ms)

========================================================================
Received Prepare
Registering precompiled user dll's ...
Registered in 0.010081 seconds.
Begin MonoManager ReloadAssembly
Native extension for WindowsStandalone target not found
Refreshing native plugins compatible for Editor in 0.65 ms, found 2 plugins.
Preloading 0 native plugins for Editor in 0.00 ms.
Invoked RoslynAnalysisRunner static constructor.
RoslynAnalysisRunner will not be running.
RoslynAnalysisRunner has terminated.
Mono: successfully reloaded assembly
- Completed reload, in  1.030 seconds
Platform modules already initialized, skipping
Refreshing native plugins compatible for Editor in 0.55 ms, found 2 plugins.
Preloading 0 native plugins for Editor in 0.00 ms.
Unloading 1810 Unused Serialized files (Serialized files now loaded: 0)
System memory in use before: 92.8 MB.
System memory in use after: 92.8 MB.

Unloading 28 unused Assets to reduce memory usage. Loaded Objects now: 2425.
Total: 2.309400 ms (FindLiveObjects: 0.347900 ms CreateObjectMapping: 0.094400 ms MarkObjects: 1.750500 ms  DeleteObjects: 0.115500 ms)

========================================================================
Received Import Request.
  Time since last request: 173.798741 seconds.
  path: Assets/Scenes/Level2.unity
  artifactKey: Guid(4b8711f24622ccb4db07ee2ab299383e) Importer(815301076,1909f56bfc062723c751e8b465ee728b)
Start importing Assets/Scenes/Level2.unity using Guid(4b8711f24622ccb4db07ee2ab299383e) Importer(815301076,1909f56bfc062723c751e8b465ee728b)  -> (artifact id: '33ff6b557bc253908df1f73e49c9b22f') in 0.019739 seconds
  Import took 0.031953 seconds .

========================================================================
Received Prepare
Registering precompiled user dll's ...
Registered in 0.008462 seconds.
Begin MonoManager ReloadAssembly
Native extension for WindowsStandalone target not found
Refreshing native plugins compatible for Editor in 0.44 ms, found 2 plugins.
Preloading 0 native plugins for Editor in 0.00 ms.
Invoked RoslynAnalysisRunner static constructor.
RoslynAnalysisRunner will not be running.
RoslynAnalysisRunner has terminated.
Mono: successfully reloaded assembly
- Completed reload, in  1.189 seconds
Platform modules already initialized, skipping
Refreshing native plugins compatible for Editor in 0.46 ms, found 2 plugins.
Preloading 0 native plugins for Editor in 0.00 ms.
Unloading 1810 Unused Serialized files (Serialized files now loaded: 0)
System memory in use before: 92.9 MB.
System memory in use after: 92.9 MB.

Unloading 28 unused Assets to reduce memory usage. Loaded Objects now: 2428.
Total: 7.553600 ms (FindLiveObjects: 0.509700 ms CreateObjectMapping: 0.158900 ms MarkObjects: 6.622200 ms  DeleteObjects: 0.258900 ms)

========================================================================
Received Import Request.
  Time since last request: 103.834057 seconds.
  path: Assets/Script/SaveData.cs
  artifactKey: Guid(2d528da0a168e1943abf2ff2bc7f0a77) Importer(815301076,1909f56bfc062723c751e8b465ee728b)
Start importing Assets/Script/SaveData.cs using Guid(2d528da0a168e1943abf2ff2bc7f0a77) Importer(815301076,1909f56bfc062723c751e8b465ee728b)  -> (artifact id: '200ce67a39febfb196728bb51cf9b69c') in 0.014937 seconds
  Import took 0.033553 seconds .

========================================================================
Received Import Request.
  Time since last request: 0.010820 seconds.
  path: Assets/Script/SaveData.cs
  artifactKey: Guid(2d528da0a168e1943abf2ff2bc7f0a77) Importer(815301076,1909f56bfc062723c751e8b465ee728b)
Start importing Assets/Script/SaveData.cs using Guid(2d528da0a168e1943abf2ff2bc7f0a77) Importer(815301076,1909f56bfc062723c751e8b465ee728b)  -> (artifact id: '200ce67a39febfb196728bb51cf9b69c') in 0.009091 seconds
  Import took 0.014673 seconds .

========================================================================
Received Prepare
Registering precompiled user dll's ...
Registered in 0.010637 seconds.
Begin MonoManager ReloadAssembly
Native extension for WindowsStandalone target not found
Refreshing native plugins compatible for Editor in 0.61 ms, found 2 plugins.
Preloading 0 native plugins for Editor in 0.00 ms.
Invoked RoslynAnalysisRunner static constructor.
RoslynAnalysisRunner will not be running.
RoslynAnalysisRunner has terminated.
Mono: successfully reloaded assembly
- Completed reload, in  1.373 seconds
Platform modules already initialized, skipping
Refreshing native plugins compatible for Editor in 0.90 ms, found 2 plugins.
Preloading 0 native plugins for Editor in 0.00 ms.
Unloading 1811 Unused Serialized files (Serialized files now loaded: 0)
System memory in use before: 93.0 MB.
System memory in use after: 93.0 MB.

Unloading 28 unused Assets to reduce memory usage. Loaded Objects now: 2432.
Total: 2.298300 ms (FindLiveObjects: 0.485200 ms CreateObjectMapping: 0.091400 ms MarkObjects: 1.598700 ms  DeleteObjects: 0.119600 ms)

========================================================================
Received Prepare
Registering precompiled user dll's ...
Registered in 0.008308 seconds.
Begin MonoManager ReloadAssembly
Native extension for WindowsStandalone target not found
Refreshing native plugins compatible for Editor in 0.65 ms, found 2 plugins.
Preloading 0 native plugins for Editor in 0.00 ms.
Invoked RoslynAnalysisRunner static constructor.
RoslynAnalysisRunner will not be running.
RoslynAnalysisRunner has terminated.
Mono: successfully reloaded assembly
- Completed reload, in  1.144 seconds
Platform modules already initialized, skipping
Refreshing native plugins compatible for Editor in 1.59 ms, found 2 plugins.
Preloading 0 native plugins for Editor in 0.00 ms.
Unloading 1811 Unused Serialized files (Serialized files now loaded: 0)
System memory in use before: 93.1 MB.
System memory in use after: 93.1 MB.

Unloading 28 unused Assets to reduce memory usage. Loaded Objects now: 2435.
Total: 7.562000 ms (FindLiveObjects: 1.485900 ms CreateObjectMapping: 0.429900 ms MarkObjects: 5.462700 ms  DeleteObjects: 0.177200 ms)

========================================================================
Received Prepare
Registering precompiled user dll's ...
Registered in 0.008648 seconds.
Begin MonoManager ReloadAssembly
Native extension for WindowsStandalone target not found
Refreshing native plugins compatible for Editor in 0.71 ms, found 2 plugins.
Preloading 0 native plugins for Editor in 0.00 ms.
Invoked RoslynAnalysisRunner static constructor.
RoslynAnalysisRunner will not be running.
RoslynAnalysisRunner has terminated.
Mono: successfully reloaded assembly
- Completed reload, in  1.241 seconds
Platform modules already initialized, skipping
Refreshing native plugins compatible for Editor in 0.89 ms, found 2 plugins.
Preloading 0 native plugins for Editor in 0.00 ms.
Unloading 1811 Unused Serialized files (Serialized files now loaded: 0)
System memory in use before: 93.2 MB.
System memory in use after: 93.2 MB.

Unloading 28 unused Assets to reduce memory usage. Loaded Objects now: 2438.
Total: 2.829300 ms (FindLiveObjects: 0.446400 ms CreateObjectMapping: 0.134900 ms MarkObjects: 2.089000 ms  DeleteObjects: 0.157000 ms)

========================================================================
Received Import Request.
  Time since last request: 330.673144 seconds.
  path: Assets/Script/SaveData.cs
  artifactKey: Guid(2d528da0a168e1943abf2ff2bc7f0a77) Importer(815301076,1909f56bfc062723c751e8b465ee728b)
Start importing Assets/Script/SaveData.cs using Guid(2d528da0a168e1943abf2ff2bc7f0a77) Importer(815301076,1909f56bfc062723c751e8b465ee728b)  -> (artifact id: 'c42767ef8776279c3f1340c9306601ca') in 0.007565 seconds
  Import took 0.040909 seconds .

========================================================================
Received Prepare
Registering precompiled user dll's ...
Registered in 0.008769 seconds.
Begin MonoManager ReloadAssembly
Native extension for WindowsStandalone target not found
Refreshing native plugins compatible for Editor in 0.60 ms, found 2 plugins.
Preloading 0 native plugins for Editor in 0.00 ms.
Invoked RoslynAnalysisRunner static constructor.
RoslynAnalysisRunner will not be running.
RoslynAnalysisRunner has terminated.
Mono: successfully reloaded assembly
- Completed reload, in  1.151 seconds
Platform modules already initialized, skipping
Refreshing native plugins compatible for Editor in 0.43 ms, found 2 plugins.
Preloading 0 native plugins for Editor in 0.00 ms.
Unloading 1811 Unused Serialized files (Serialized files now loaded: 0)
System memory in use before: 93.3 MB.
System memory in use after: 93.3 MB.

Unloading 28 unused Assets to reduce memory usage. Loaded Objects now: 2441.
Total: 2.702900 ms (FindLiveObjects: 0.466500 ms CreateObjectMapping: 0.164300 ms MarkObjects: 1.879100 ms  DeleteObjects: 0.190300 ms)

========================================================================
Received Prepare
Registering precompiled user dll's ...
Registered in 0.012262 seconds.
Begin MonoManager ReloadAssembly
Native extension for WindowsStandalone target not found
Refreshing native plugins compatible for Editor in 0.72 ms, found 2 plugins.
Preloading 0 native plugins for Editor in 0.00 ms.
Invoked RoslynAnalysisRunner static constructor.
RoslynAnalysisRunner will not be running.
RoslynAnalysisRunner has terminated.
Mono: successfully reloaded assembly
- Completed reload, in  1.263 seconds
Platform modules already initialized, skipping
Refreshing native plugins compatible for Editor in 0.51 ms, found 2 plugins.
Preloading 0 native plugins for Editor in 0.00 ms.
Unloading 1811 Unused Serialized files (Serialized files now loaded: 0)
System memory in use before: 93.3 MB.
System memory in use after: 93.3 MB.

Unloading 28 unused Assets to reduce memory usage. Loaded Objects now: 2444.
Total: 6.658000 ms (FindLiveObjects: 0.531200 ms CreateObjectMapping: 0.158800 ms MarkObjects: 5.327300 ms  DeleteObjects: 0.637400 ms)

========================================================================
Received Prepare
Registering precompiled user dll's ...
Registered in 0.036138 seconds.
Begin MonoManager ReloadAssembly
Native extension for WindowsStandalone target not found
Refreshing native plugins compatible for Editor in 0.43 ms, found 2 plugins.
Preloading 0 native plugins for Editor in 0.00 ms.
Invoked RoslynAnalysisRunner static constructor.
RoslynAnalysisRunner will not be running.
RoslynAnalysisRunner has terminated.
Mono: successfully reloaded assembly
- Completed reload, in  1.212 seconds
Platform modules already initialized, skipping
Refreshing native plugins compatible for Editor in 2.19 ms, found 2 plugins.
Preloading 0 native plugins for Editor in 0.00 ms.
Unloading 1811 Unused Serialized files (Serialized files now loaded: 0)
System memory in use before: 93.4 MB.
System memory in use after: 93.4 MB.

Unloading 28 unused Assets to reduce memory usage. Loaded Objects now: 2447.
Total: 3.149600 ms (FindLiveObjects: 0.596600 ms CreateObjectMapping: 0.253100 ms MarkObjects: 2.176200 ms  DeleteObjects: 0.121500 ms)

========================================================================
Received Prepare
Registering precompiled user dll's ...
Registered in 0.009682 seconds.
Begin MonoManager ReloadAssembly
Native extension for WindowsStandalone target not found
Refreshing native plugins compatible for Editor in 0.92 ms, found 2 plugins.
Preloading 0 native plugins for Editor in 0.00 ms.
Invoked RoslynAnalysisRunner static constructor.
RoslynAnalysisRunner will not be running.
RoslynAnalysisRunner has terminated.
Mono: successfully reloaded assembly
- Completed reload, in  1.012 seconds
Platform modules already initialized, skipping
Refreshing native plugins compatible for Editor in 0.44 ms, found 2 plugins.
Preloading 0 native plugins for Editor in 0.00 ms.
Unloading 1811 Unused Serialized files (Serialized files now loaded: 0)
System memory in use before: 93.5 MB.
System memory in use after: 93.5 MB.

Unloading 28 unused Assets to reduce memory usage. Loaded Objects now: 2450.
Total: 2.302000 ms (FindLiveObjects: 0.299500 ms CreateObjectMapping: 0.072600 ms MarkObjects: 1.777800 ms  DeleteObjects: 0.150100 ms)

========================================================================
Received Import Request.
  Time since last request: 1451.179744 seconds.
  path: Assets/Script/Player.cs
  artifactKey: Guid(5ce736dfd367e4048b3d806bace2eb9d) Importer(815301076,1909f56bfc062723c751e8b465ee728b)
Start importing Assets/Script/Player.cs using Guid(5ce736dfd367e4048b3d806bace2eb9d) Importer(815301076,1909f56bfc062723c751e8b465ee728b)  -> (artifact id: 'e88489a343b6d8ab1e665d4a31df8e57') in 0.051484 seconds
  Import took 0.083260 seconds .

========================================================================
Received Prepare
Registering precompiled user dll's ...
Registered in 0.007596 seconds.
Begin MonoManager ReloadAssembly
Native extension for WindowsStandalone target not found
Refreshing native plugins compatible for Editor in 0.48 ms, found 2 plugins.
Preloading 0 native plugins for Editor in 0.00 ms.
Invoked RoslynAnalysisRunner static constructor.
RoslynAnalysisRunner will not be running.
RoslynAnalysisRunner has terminated.
Mono: successfully reloaded assembly
- Completed reload, in  1.026 seconds
Platform modules already initialized, skipping
Refreshing native plugins compatible for Editor in 0.84 ms, found 2 plugins.
Preloading 0 native plugins for Editor in 0.00 ms.
Unloading 1811 Unused Serialized files (Serialized files now loaded: 0)
System memory in use before: 92.6 MB.
System memory in use after: 92.6 MB.

Unloading 28 unused Assets to reduce memory usage. Loaded Objects now: 2453.
Total: 4.370400 ms (FindLiveObjects: 0.765900 ms CreateObjectMapping: 0.239500 ms MarkObjects: 3.153200 ms  DeleteObjects: 0.209600 ms)

========================================================================
Received Import Request.
  Time since last request: 281.893422 seconds.
  path: Assets/Script/Player.cs
  artifactKey: Guid(5ce736dfd367e4048b3d806bace2eb9d) Importer(815301076,1909f56bfc062723c751e8b465ee728b)
Start importing Assets/Script/Player.cs using Guid(5ce736dfd367e4048b3d806bace2eb9d) Importer(815301076,1909f56bfc062723c751e8b465ee728b)  -> (artifact id: '5ff543b1b35c154c3d3feb7a4a8e2ab4') in 0.007017 seconds
  Import took 0.010602 seconds .

========================================================================
Received Prepare
Registering precompiled user dll's ...
Registered in 0.008327 seconds.
Begin MonoManager ReloadAssembly
Native extension for WindowsStandalone target not found
Refreshing native plugins compatible for Editor in 0.59 ms, found 2 plugins.
Preloading 0 native plugins for Editor in 0.00 ms.
Invoked RoslynAnalysisRunner static constructor.
RoslynAnalysisRunner will not be running.
RoslynAnalysisRunner has terminated.
Mono: successfully reloaded assembly
- Completed reload, in  1.205 seconds
Platform modules already initialized, skipping
Refreshing native plugins compatible for Editor in 0.86 ms, found 2 plugins.
Preloading 0 native plugins for Editor in 0.00 ms.
Unloading 1811 Unused Serialized files (Serialized files now loaded: 0)
System memory in use before: 92.7 MB.
System memory in use after: 92.7 MB.

Unloading 28 unused Assets to reduce memory usage. Loaded Objects now: 2456.
Total: 3.530200 ms (FindLiveObjects: 0.615800 ms CreateObjectMapping: 0.375700 ms MarkObjects: 2.381700 ms  DeleteObjects: 0.155900 ms)

========================================================================
Received Prepare
Registering precompiled user dll's ...
Registered in 0.011436 seconds.
Begin MonoManager ReloadAssembly
Native extension for WindowsStandalone target not found
Refreshing native plugins compatible for Editor in 0.69 ms, found 2 plugins.
Preloading 0 native plugins for Editor in 0.00 ms.
Invoked RoslynAnalysisRunner static constructor.
RoslynAnalysisRunner will not be running.
RoslynAnalysisRunner has terminated.
Mono: successfully reloaded assembly
- Completed reload, in  1.046 seconds
Platform modules already initialized, skipping
Refreshing native plugins compatible for Editor in 0.61 ms, found 2 plugins.
Preloading 0 native plugins for Editor in 0.00 ms.
Unloading 1811 Unused Serialized files (Serialized files now loaded: 0)
System memory in use before: 92.8 MB.
System memory in use after: 92.8 MB.

Unloading 28 unused Assets to reduce memory usage. Loaded Objects now: 2459.
Total: 5.823400 ms (FindLiveObjects: 0.409200 ms CreateObjectMapping: 0.221000 ms MarkObjects: 5.010300 ms  DeleteObjects: 0.180800 ms)

========================================================================
Received Prepare
Registering precompiled user dll's ...
Registered in 0.041669 seconds.
Begin MonoManager ReloadAssembly
Native extension for WindowsStandalone target not found
Refreshing native plugins compatible for Editor in 0.53 ms, found 2 plugins.
Preloading 0 native plugins for Editor in 0.00 ms.
Invoked RoslynAnalysisRunner static constructor.
RoslynAnalysisRunner will not be running.
RoslynAnalysisRunner has terminated.
Mono: successfully reloaded assembly
- Completed reload, in  1.459 seconds
Platform modules already initialized, skipping
Switching build target platform(5) subTarget(0) extendedPlatform(0) -> platform(13) subTarget(537395200) extendedPlatform(0)
Refreshing native plugins compatible for Editor in 0.74 ms, found 2 plugins.
Preloading 0 native plugins for Editor in 0.00 ms.
Unloading 1815 Unused Serialized files (Serialized files now loaded: 0)
System memory in use before: 92.9 MB.
System memory in use after: 92.9 MB.

Unloading 28 unused Assets to reduce memory usage. Loaded Objects now: 2462.
Total: 2.879700 ms (FindLiveObjects: 0.542900 ms CreateObjectMapping: 0.130800 ms MarkObjects: 2.052100 ms  DeleteObjects: 0.150900 ms)

AssetImportParameters requested are different than current active one (requested -> active):
  custom:graphics/normal-map-encoding: 01000000000000000000000000000000 -> 02000000000000000000000000000000
========================================================================
Received Prepare
Refreshing native plugins compatible for Editor in 5.59 ms, found 2 plugins.
Preloading 0 native plugins for Editor in 0.00 ms.
Unloading 26 Unused Serialized files (Serialized files now loaded: 0)
System memory in use before: 57.6 MB.
System memory in use after: 57.6 MB.

Unloading 26 unused Assets to reduce memory usage. Loaded Objects now: 2462.
Total: 2.992800 ms (FindLiveObjects: 0.400900 ms CreateObjectMapping: 0.100100 ms MarkObjects: 2.333300 ms  DeleteObjects: 0.155900 ms)

========================================================================
Received Import Request.
  Time since last request: 314.359877 seconds.
  path: Assets/Image/Button/flatLight22.png
  artifactKey: Guid(f10a4eb0d4af29644b7409404d30eece) Importer(815301076,1909f56bfc062723c751e8b465ee728b)
Start importing Assets/Image/Button/flatLight22.png using Guid(f10a4eb0d4af29644b7409404d30eece) Importer(815301076,1909f56bfc062723c751e8b465ee728b)  -> (artifact id: '112d0d4ebda2b6724840aaf191ce7c22') in 0.171201 seconds
  Import took 0.182285 seconds .

========================================================================
Received Import Request.
  Time since last request: 0.000516 seconds.
  path: Assets/Image/Button/flatLight47.png
  artifactKey: Guid(8aa78f28f92fb8d45ae348e91ab5aade) Importer(815301076,1909f56bfc062723c751e8b465ee728b)
Start importing Assets/Image/Button/flatLight47.png using Guid(8aa78f28f92fb8d45ae348e91ab5aade) Importer(815301076,1909f56bfc062723c751e8b465ee728b)  -> (artifact id: 'ed845ceff9fee58bcabd576344db4c36') in 0.029541 seconds
  Import took 0.034464 seconds .

========================================================================
Received Import Request.
  Time since last request: 0.000322 seconds.
  path: Assets/Image/Button/flatLight43.png
  artifactKey: Guid(509d0b843bfbba9469ebbcf8b3ec9955) Importer(815301076,1909f56bfc062723c751e8b465ee728b)
Start importing Assets/Image/Button/flatLight43.png using Guid(509d0b843bfbba9469ebbcf8b3ec9955) Importer(815301076,1909f56bfc062723c751e8b465ee728b)  -> (artifact id: '2911708ff26053f7b81b7be95e2745fa') in 0.052568 seconds
  Import took 0.058153 seconds .

========================================================================
Received Import Request.
  Time since last request: 0.000453 seconds.
  path: Assets/Image/Button/flatLight23.png
  artifactKey: Guid(669b86a4c9b3f4748929eb678cd9ef1d) Importer(815301076,1909f56bfc062723c751e8b465ee728b)
Start importing Assets/Image/Button/flatLight23.png using Guid(669b86a4c9b3f4748929eb678cd9ef1d) Importer(815301076,1909f56bfc062723c751e8b465ee728b)  -> (artifact id: 'a59772a9107e0872ed83b53e98672794') in 0.017599 seconds
  Import took 0.022634 seconds .

========================================================================
Received Import Request.
  Time since last request: 28.344126 seconds.
  path: ProjectSettings/ProjectSettings.asset
  artifactKey: Guid(00000000000000004000000000000000) Importer(815301076,1909f56bfc062723c751e8b465ee728b)
Start importing ProjectSettings/ProjectSettings.asset using Guid(00000000000000004000000000000000) Importer(815301076,1909f56bfc062723c751e8b465ee728b)  -> (artifact id: 'f96aa31f979b1f476cf27a5cf1a15a07') in 0.014792 seconds
  Import took 0.018166 seconds .

========================================================================
Received Import Request.
  Time since last request: 0.021598 seconds.
  path: ProjectSettings/ProjectSettings.asset
  artifactKey: Guid(00000000000000004000000000000000) Importer(815301076,1909f56bfc062723c751e8b465ee728b)
Start importing ProjectSettings/ProjectSettings.asset using Guid(00000000000000004000000000000000) Importer(815301076,1909f56bfc062723c751e8b465ee728b)  -> (artifact id: 'f96aa31f979b1f476cf27a5cf1a15a07') in 0.004746 seconds
  Import took 0.008200 seconds .

========================================================================
Received Import Request.
  Time since last request: 94.420513 seconds.
  path: ProjectSettings/ProjectSettings.asset
  artifactKey: Guid(00000000000000004000000000000000) Importer(815301076,1909f56bfc062723c751e8b465ee728b)
Start importing ProjectSettings/ProjectSettings.asset using Guid(00000000000000004000000000000000) Importer(815301076,1909f56bfc062723c751e8b465ee728b)  -> (artifact id: 'a08bae9507104d099317f25e28ca94fb') in 0.005809 seconds
  Import took 0.010667 seconds .

========================================================================
Received Import Request.
  Time since last request: 74.168446 seconds.
  path: ProjectSettings/ProjectSettings.asset
  artifactKey: Guid(00000000000000004000000000000000) Importer(815301076,1909f56bfc062723c751e8b465ee728b)
Start importing ProjectSettings/ProjectSettings.asset using Guid(00000000000000004000000000000000) Importer(815301076,1909f56bfc062723c751e8b465ee728b)  -> (artifact id: '4ba33fcd4983bc2f90bb3a1fe9493aef') in 0.004988 seconds
  Import took 0.009424 seconds .

AssetImportWorkerClient::OnTransportError - code=2 error=End of file
